{
  "RSpec": {
    "coverage": {
      "/Users/teacher/turing/3module/projects/lab_mice/config/environment.rb": [
        null,
        1,
        null,
        null,
        1
      ],
      "/Users/teacher/turing/3module/projects/lab_mice/config/application.rb": [
        1,
        null,
        1,
        null,
        1,
        1,
        1,
        1,
        1,
        1,
        1,
        1,
        null,
        null,
        null,
        null,
        1,
        null,
        1,
        1,
        null,
        1,
        null,
        null,
        null,
        null,
        null,
        null,
        1,
        null,
        1,
        1,
        1,
        1,
        null,
        null,
        null,
        null,
        null,
        1,
        1,
        1,
        1,
        null,
        null,
        null,
        null,
        null
      ],
      "/Users/teacher/turing/3module/projects/lab_mice/config/boot.rb": [
        1,
        null,
        1
      ],
      "/Users/teacher/turing/3module/projects/lab_mice/config/environments/test.rb": [
        1,
        null,
        null,
        null,
        null,
        null,
        null,
        1,
        null,
        null,
        null,
        null,
        1,
        null,
        null,
        1,
        1,
        null,
        null,
        null,
        null,
        1,
        1,
        null,
        null,
        1,
        null,
        null,
        1,
        1,
        null,
        null,
        null,
        null,
        1,
        null,
        null,
        1,
        null,
        null,
        null,
        null
      ],
      "/Users/teacher/turing/3module/projects/lab_mice/config/initializers/application_controller_renderer.rb": [
        null,
        null,
        null,
        null,
        null,
        null,
        null,
        null
      ],
      "/Users/teacher/turing/3module/projects/lab_mice/config/initializers/assets.rb": [
        null,
        null,
        null,
        1,
        null,
        null,
        null,
        null,
        1,
        null,
        null,
        null,
        null,
        null
      ],
      "/Users/teacher/turing/3module/projects/lab_mice/config/initializers/backtrace_silencers.rb": [
        null,
        null,
        null,
        null,
        null,
        null,
        null
      ],
      "/Users/teacher/turing/3module/projects/lab_mice/config/initializers/cookies_serializer.rb": [
        null,
        null,
        null,
        null,
        1
      ],
      "/Users/teacher/turing/3module/projects/lab_mice/config/initializers/filter_parameter_logging.rb": [
        null,
        null,
        null,
        1
      ],
      "/Users/teacher/turing/3module/projects/lab_mice/config/initializers/inflections.rb": [
        null,
        null,
        null,
        null,
        null,
        null,
        null,
        null,
        null,
        null,
        null,
        null,
        null,
        null,
        null,
        null
      ],
      "/Users/teacher/turing/3module/projects/lab_mice/config/initializers/mime_types.rb": [
        null,
        null,
        null,
        null
      ],
      "/Users/teacher/turing/3module/projects/lab_mice/config/initializers/omniauth.rb": [
        1,
        1,
        null
      ],
      "/Users/teacher/turing/3module/projects/lab_mice/config/initializers/wrap_parameters.rb": [
        null,
        null,
        null,
        null,
        null,
        null,
        1,
        2,
        null,
        null,
        null,
        null,
        null,
        null
      ],
      "/Users/teacher/turing/3module/projects/lab_mice/config/routes.rb": [
        1,
        1,
        1,
        null,
        null,
        1,
        1,
        1,
        1,
        1,
        null,
        null,
        1,
        1,
        1,
        null,
        null,
        null,
        null,
        null,
        null,
        1,
        1,
        1,
        1,
        1,
        null,
        null,
        1,
        1,
        1,
        null,
        null,
        1,
        1,
        1,
        null,
        null,
        1,
        1,
        null,
        null,
        1,
        null,
        1,
        null,
        1,
        null,
        null
      ],
      "/Users/teacher/turing/3module/projects/lab_mice/app/helpers/application_helper.rb": [
        1,
        null
      ],
      "/Users/teacher/turing/3module/projects/lab_mice/app/models/mouse.rb": [
        1,
        1,
        1,
        1,
        null,
        1,
        1,
        null,
        2,
        2,
        3,
        6,
        5,
        2,
        2,
        2,
        2,
        2,
        2,
        2,
        2,
        null
      ],
      "/Users/teacher/turing/3module/projects/lab_mice/app/models/application_record.rb": [
        1,
        1,
        null
      ],
      "/Users/teacher/turing/3module/projects/lab_mice/app/models/note.rb": [
        1,
        1,
        1,
        1,
        null
      ],
      "/Users/teacher/turing/3module/projects/lab_mice/app/models/tracked_subject.rb": [
        1,
        1,
        1,
        1,
        null
      ],
      "/Users/teacher/turing/3module/projects/lab_mice/app/models/user.rb": [
        1,
        1,
        1,
        1,
        1,
        null,
        1,
        2,
        2,
        2,
        2,
        2,
        2,
        2,
        2,
        null,
        null
      ],
      "/Users/teacher/turing/3module/projects/lab_mice/app/services/csv_reader.rb": [
        1,
        null,
        1,
        null,
        1,
        null,
        1,
        10,
        null,
        null,
        1,
        10,
        10,
        5,
        5,
        3,
        null,
        null,
        null,
        null,
        null,
        1,
        40,
        null,
        null,
        1,
        7,
        2,
        null,
        null,
        null,
        null,
        null,
        1,
        10,
        10,
        4,
        6,
        4,
        null,
        null,
        null,
        null,
        null,
        1,
        8,
        8,
        6,
        null,
        null,
        null,
        null,
        null,
        1,
        10,
        10,
        5,
        5,
        3,
        null,
        null,
        null,
        null,
        null,
        1,
        11,
        6,
        null,
        null,
        null,
        null,
        null,
        1,
        4,
        2,
        null,
        null,
        null,
        null,
        null,
        1,
        1,
        null,
        1,
        1,
        4,
        4,
        null,
        4,
        null,
        null,
        null,
        null,
        null,
        null,
        null,
        null,
        null,
        null,
        null,
        null,
        null,
        null,
        null,
        null,
        null
      ],
      "/Users/teacher/turing/3module/projects/lab_mice/app/controllers/application_controller.rb": [
        1,
        1,
        null,
        1,
        null,
        1,
        18,
        null,
        null,
        1,
        44,
        null,
        null,
        null
      ],
      "/Users/teacher/turing/3module/projects/lab_mice/app/controllers/mice_controller.rb": [
        1,
        1,
        3,
        null,
        null,
        1,
        18,
        18,
        null,
        null
      ],
      "/Users/teacher/turing/3module/projects/lab_mice/app/presenters/mouse_data_presenter.rb": [
        1,
        null,
        1,
        null,
        1,
        18,
        null,
        null,
        1,
        18,
        15,
        null,
        null,
        1,
        18,
        null,
        null,
        1,
        18,
        null,
        null,
        1,
        18,
        null,
        null,
        1,
        18,
        null,
        null,
        1,
        18,
        null,
        null,
        1,
        18,
        null,
        null,
        1,
        18,
        null,
        null,
        1,
        18,
        18,
        null,
        0,
        null,
        null,
        null,
        1,
        18,
        18,
        null,
        0,
        null,
        null,
        null,
        1,
        18,
        18,
        null,
        null
      ],
      "/Users/teacher/turing/3module/projects/lab_mice/app/controllers/sessions_controller.rb": [
        1,
        1,
        null,
        null,
        1,
        2,
        0,
        0,
        0,
        0,
        2,
        2,
        2,
        1,
        1,
        1,
        null,
        1,
        1,
        null,
        null,
        null,
        null,
        1,
        1,
        1,
        null,
        null
      ],
      "/Users/teacher/turing/3module/projects/lab_mice/app/controllers/users_controller.rb": [
        1,
        1,
        4,
        null,
        null,
        1,
        1,
        1,
        1,
        1,
        null,
        0,
        null,
        null,
        null,
        1,
        null,
        1,
        1,
        null,
        null,
        null
      ],
      "/Users/teacher/turing/3module/projects/lab_mice/app/controllers/welcome_controller.rb": [
        1,
        1,
        3,
        null,
        null
      ],
      "/Users/teacher/turing/3module/projects/lab_mice/app/controllers/search_controller.rb": [
        1,
        1,
        1,
        null,
        null
      ],
      "/Users/teacher/turing/3module/projects/lab_mice/app/controllers/dashboard_controller.rb": [
        1,
        1,
        10,
        null,
        null,
        1,
        null,
        null
      ],
      "/Users/teacher/turing/3module/projects/lab_mice/app/controllers/tracked_subjects_controller.rb": [
        1,
        1,
        null,
        1,
        3,
        3,
        3,
        null,
        0,
        null,
        3,
        null,
        null,
        1,
        2,
        2,
        2,
        2,
        null,
        null,
        null,
        1,
        1,
        5,
        null,
        null
      ],
      "/Users/teacher/turing/3module/projects/lab_mice/app/controllers/notes_controller.rb": [
        1,
        null,
        1,
        2,
        2,
        null,
        2,
        null,
        null,
        1,
        1,
        2,
        null,
        null
      ],
      "/Users/teacher/turing/3module/projects/lab_mice/app/controllers/api/v1/mice_controller.rb": [
        1,
        null,
        1,
        1,
        null,
        null,
        1,
        1,
        null,
        null
      ],
      "/Users/teacher/turing/3module/projects/lab_mice/app/controllers/api/v1/mice/search_controller.rb": [
        1,
        1,
        1,
        1,
        1,
        1,
        1,
        1,
        1,
        1,
        1,
        null,
        1,
        1,
        null,
        null,
        1,
        1,
        null,
        null,
        1,
        1,
        null,
        null,
        1,
        17,
        null,
        null,
        null
      ],
      "/Users/teacher/turing/3module/projects/lab_mice/app/services/mouse_service.rb": [
        1,
        1,
        null,
        1,
        3,
        3,
        3,
        null,
        null,
        null,
        1,
        3,
        3,
        3,
        3,
        null,
        3,
        null,
        null,
        null
      ],
      "/Users/teacher/turing/3module/projects/lab_mice/app/presenters/mouse_presenter.rb": [
        1,
        null,
        1,
        1,
        null,
        null,
        1,
        1,
        40,
        null,
        null,
        null,
        1,
        1,
        null,
        1,
        1,
        null,
        null,
        null
      ]
    },
    "timestamp": 1515688155
  }
}
